Build started 11/22/2015 11:34:04 PM.
     1>Project "D:\Profile\Downloads\brackets-shell-master\brackets-shell-master\downloads\cef_binary_3.2171.1902_windows32\cef_binary_3.2171.1902_windows32\libcef_dll_wrapper.vcxproj" on node 2 (Build target(s)).
     1>ClCompile:
         D:\Program Files (x86)\Microsoft Visual Studio 11.0\VC\bin\CL.exe /c /Iout\Release\obj\global_intermediate /I..\..\..\third_party\wtl\include /I. /I"C:\Program Files (x86)\Windows Kits\8.0\Include\shared" /I"C:\Program Files (x86)\Windows Kits\8.0\Include\um" /I"C:\Program Files (x86)\Windows Kits\8.0\Include\winrt" /I"D:\Program Files (x86)\Microsoft Visual Studio 11.0\\VC\atlmfc\include" /Zi /nologo /W4 /WX /O2 /Ob2 /Oy- /D V8_DEPRECATION_WARNINGS /D _WIN32_WINNT=0x0602 /D WINVER=0x0602 /D WIN32 /D _WINDOWS /D NOMINMAX /D PSAPI_VERSION=1 /D _CRT_RAND_S /D CERT_CHAIN_PARA_HAS_EXTRA_FIELDS /D WIN32_LEAN_AND_MEAN /D _ATL_NO_OPENGL /D _HAS_EXCEPTIONS=0 /D _SECURE_ATL /D CHROMIUM_BUILD /D TOOLKIT_VIEWS=1 /D USE_AURA=1 /D USE_ASH=1 /D USE_DEFAULT_RENDER_THEME=1 /D USE_LIBJPEG_TURBO=1 /D ENABLE_ONE_CLICK_SIGNIN /D ENABLE_PRE_SYNC_BACKUP /D ENABLE_REMOTING=1 /D ENABLE_WEBRTC=1 /D ENABLE_PEPPER_CDMS /D ENABLE_CONFIGURATION_POLICY /D ENABLE_NOTIFICATIONS /D ENABLE_HIDPI=1 /D ENABLE_EGLIMAGE=1 /D __STD_C /D _CRT_SECURE_NO_DEPRECATE /D _SCL_SECURE_NO_DEPRECATE /D NTDDI_VERSION=0x06020000 /D _USING_V110_SDK71_ /D ENABLE_TASK_MANAGER=1 /D ENABLE_EXTENSIONS=1 /D ENABLE_PLUGIN_INSTALLATION=1 /D ENABLE_PLUGINS=1 /D ENABLE_SESSION_SERVICE=1 /D ENABLE_THEMES=1 /D ENABLE_AUTOFILL_DIALOG=1 /D ENABLE_BACKGROUND=1 /D ENABLE_GOOGLE_NOW=1 /D CLD_VERSION=2 /D CLD2_DATA_SOURCE=static /D ENABLE_FULL_PRINTING=1 /D ENABLE_PRINTING=1 /D ENABLE_SPELLCHECK=1 /D ENABLE_CAPTIVE_PORTAL_DETECTION=1 /D ENABLE_APP_LIST=1 /D ENABLE_SETTINGS_APP=1 /D ENABLE_MANAGED_USERS=1 /D ENABLE_MDNS=1 /D ENABLE_SERVICE_DISCOVERY=1 /D ENABLE_WIFI_BOOTSTRAPPING=1 /D ENABLE_LOAD_COMPLETION_HACKS=1 /D USING_CEF_SHARED /D __STDC_CONSTANT_MACROS /D __STDC_FORMAT_MACROS /D NDEBUG /D NVALGRIND /D DYNAMIC_ANNOTATIONS_ENABLED=0 /D _UNICODE /D UNICODE /GF /Gm- /MT /GS /Gy /fp:precise /Zc:wchar_t /Zc:forScope /GR- /Fo"out\Release\obj\libcef_dll_wrapper\\" /Fd"out\Release\obj\libcef_dll_wrapper\vc110.pdb" /Gd /TP /wd4127 /wd4351 /wd4355 /wd4503 /wd4611 /wd4100 /wd4121 /wd4189 /wd4244 /wd4481 /wd4505 /wd4510 /wd4512 /wd4610 /wd4702 /analyze- /errorReport:prompt /MP /we4389 /d2Zi+ /Zc:inline /Oy- libcef_dll\base\cef_atomicops_x86_gcc.cc libcef_dll\base\cef_bind_helpers.cc libcef_dll\base\cef_callback_helpers.cc libcef_dll\base\cef_callback_internal.cc libcef_dll\base\cef_lock.cc libcef_dll\base\cef_lock_impl.cc libcef_dll\base\cef_logging.cc libcef_dll\base\cef_ref_counted.cc libcef_dll\base\cef_string16.cc libcef_dll\base\cef_thread_checker_impl.cc libcef_dll\base\cef_thread_collision_warner.cc libcef_dll\base\cef_weak_ptr.cc libcef_dll\transfer_util.cpp libcef_dll\wrapper\cef_byte_read_handler.cc libcef_dll\wrapper\cef_closure_task.cc libcef_dll\wrapper\cef_message_router.cc libcef_dll\wrapper\cef_stream_resource_handler.cc libcef_dll\wrapper\cef_xml_object.cc libcef_dll\wrapper\cef_zip_archive.cc libcef_dll\wrapper\libcef_dll_wrapper.cc libcef_dll\wrapper\libcef_dll_wrapper2.cc libcef_dll\ctocpp\allow_certificate_error_callback_ctocpp.cc libcef_dll\cpptoc\app_cpptoc.cc libcef_dll\ctocpp\auth_callback_ctocpp.cc libcef_dll\ctocpp\before_download_callback_ctocpp.cc libcef_dll\ctocpp\binary_value_ctocpp.cc libcef_dll\ctocpp\browser_ctocpp.cc libcef_dll\ctocpp\browser_host_ctocpp.cc libcef_dll\cpptoc\browser_process_handler_cpptoc.cc libcef_dll\ctocpp\callback_ctocpp.cc libcef_dll\cpptoc\client_cpptoc.cc libcef_dll\ctocpp\command_line_ctocpp.cc libcef_dll\cpptoc\completion_callback_cpptoc.cc libcef_dll\cpptoc\context_menu_handler_cpptoc.cc libcef_dll\ctocpp\context_menu_params_ctocpp.cc libcef_dll\ctocpp\cookie_manager_ctocpp.cc libcef_dll\cpptoc\cookie_visitor_cpptoc.cc libcef_dll\ctocpp\domdocument_ctocpp.cc libcef_dll\ctocpp\domnode_ctocpp.cc libcef_dll\cpptoc\domvisitor_cpptoc.cc libcef_dll\cpptoc\dialog_handler_cpptoc.cc libcef_dll\ctocpp\dictionary_value_ctocpp.cc libcef_dll\cpptoc\display_handler_cpptoc.cc libcef_dll\cpptoc\download_handler_cpptoc.cc libcef_dll\ctocpp\download_item_ctocpp.cc libcef_dll\ctocpp\download_item_callback_ctocpp.cc libcef_dll\ctocpp\drag_data_ctocpp.cc libcef_dll\cpptoc\drag_handler_cpptoc.cc libcef_dll\cpptoc\end_tracing_callback_cpptoc.cc libcef_dll\ctocpp\file_dialog_callback_ctocpp.cc libcef_dll\cpptoc\focus_handler_cpptoc.cc libcef_dll\ctocpp\frame_ctocpp.cc libcef_dll\ctocpp\geolocation_callback_ctocpp.cc libcef_dll\cpptoc\geolocation_handler_cpptoc.cc libcef_dll\cpptoc\get_geolocation_callback_cpptoc.cc libcef_dll\ctocpp\jsdialog_callback_ctocpp.cc libcef_dll\cpptoc\jsdialog_handler_cpptoc.cc libcef_dll\cpptoc\keyboard_handler_cpptoc.cc libcef_dll\cpptoc\life_span_handler_cpptoc.cc libcef_dll\ctocpp\list_value_ctocpp.cc libcef_dll\cpptoc\load_handler_cpptoc.cc libcef_dll\ctocpp\menu_model_ctocpp.cc libcef_dll\ctocpp\post_data_ctocpp.cc libcef_dll\ctocpp\post_data_element_ctocpp.cc libcef_dll\ctocpp\print_dialog_callback_ctocpp.cc libcef_dll\cpptoc\print_handler_cpptoc.cc libcef_dll\ctocpp\print_job_callback_ctocpp.cc libcef_dll\ctocpp\print_settings_ctocpp.cc libcef_dll\ctocpp\process_message_ctocpp.cc libcef_dll\ctocpp\quota_callback_ctocpp.cc libcef_dll\cpptoc\read_handler_cpptoc.cc libcef_dll\cpptoc\render_handler_cpptoc.cc libcef_dll\cpptoc\render_process_handler_cpptoc.cc libcef_dll\ctocpp\request_ctocpp.cc libcef_dll\ctocpp\request_context_ctocpp.cc libcef_dll\cpptoc\request_context_handler_cpptoc.cc libcef_dll\cpptoc\request_handler_cpptoc.cc libcef_dll\cpptoc\resource_bundle_handler_cpptoc.cc libcef_dll\cpptoc\resource_handler_cpptoc.cc libcef_dll\ctocpp\response_ctocpp.cc libcef_dll\cpptoc\run_file_dialog_callback_cpptoc.cc libcef_dll\cpptoc\scheme_handler_factory_cpptoc.cc libcef_dll\ctocpp\scheme_registrar_ctocpp.cc libcef_dll\ctocpp\stream_reader_ctocpp.cc libcef_dll\ctocpp\stream_writer_ctocpp.cc libcef_dll\cpptoc\string_visitor_cpptoc.cc libcef_dll\cpptoc\task_cpptoc.cc libcef_dll\ctocpp\task_runner_ctocpp.cc libcef_dll\ctocpp\urlrequest_ctocpp.cc libcef_dll\cpptoc\urlrequest_client_cpptoc.cc libcef_dll\cpptoc\v8accessor_cpptoc.cc libcef_dll\ctocpp\v8context_ctocpp.cc libcef_dll\ctocpp\v8exception_ctocpp.cc libcef_dll\cpptoc\v8handler_cpptoc.cc libcef_dll\ctocpp\v8stack_frame_ctocpp.cc libcef_dll\ctocpp\v8stack_trace_ctocpp.cc libcef_dll\ctocpp\v8value_ctocpp.cc libcef_dll\ctocpp\web_plugin_info_ctocpp.cc libcef_dll\cpptoc\web_plugin_info_visitor_cpptoc.cc libcef_dll\cpptoc\web_plugin_unstable_callback_cpptoc.cc libcef_dll\cpptoc\write_handler_cpptoc.cc libcef_dll\ctocpp\xml_reader_ctocpp.cc libcef_dll\ctocpp\zip_reader_ctocpp.cc
     1>cl : Command line warning D9002: ignoring unknown option '/Zc:inline'
     1>cl : Command line warning D9002: ignoring unknown option '/Zc:inline'
     1>cl : Command line warning D9002: ignoring unknown option '/Zc:inline'
     1>cl : Command line warning D9002: ignoring unknown option '/Zc:inline'
     1>cl : Command line warning D9002: ignoring unknown option '/Zc:inline'
     1>cl : Command line warning D9002: ignoring unknown option '/Zc:inline'
     1>cl : Command line warning D9002: ignoring unknown option '/Zc:inline'
         cef_atomicops_x86_gcc.cc
         cef_bind_helpers.cc
         cef_callback_helpers.cc
         cef_callback_internal.cc
         cef_lock.cc
     1>cl : Command line warning D9002: ignoring unknown option '/Zc:inline'
         cef_lock_impl.cc
         cef_logging.cc
     1>cl : Command line warning D9002: ignoring unknown option '/Zc:inline'
         cef_ref_counted.cc
         cef_string16.cc
         cef_thread_checker_impl.cc
         cef_thread_collision_warner.cc
         cef_weak_ptr.cc
         transfer_util.cpp
         cef_byte_read_handler.cc
         cef_closure_task.cc
         cef_message_router.cc
         cef_stream_resource_handler.cc
         cef_xml_object.cc
         cef_zip_archive.cc
         libcef_dll_wrapper.cc
         libcef_dll_wrapper2.cc
         allow_certificate_error_callback_ctocpp.cc
         app_cpptoc.cc
         auth_callback_ctocpp.cc
         before_download_callback_ctocpp.cc
         binary_value_ctocpp.cc
         browser_ctocpp.cc
         browser_host_ctocpp.cc
         browser_process_handler_cpptoc.cc
         callback_ctocpp.cc
         client_cpptoc.cc
         command_line_ctocpp.cc
         completion_callback_cpptoc.cc
         context_menu_handler_cpptoc.cc
         context_menu_params_ctocpp.cc
         cookie_manager_ctocpp.cc
         cookie_visitor_cpptoc.cc
         domdocument_ctocpp.cc
         domnode_ctocpp.cc
         domvisitor_cpptoc.cc
         dialog_handler_cpptoc.cc
         dictionary_value_ctocpp.cc
         display_handler_cpptoc.cc
         download_handler_cpptoc.cc
         download_item_ctocpp.cc
         download_item_callback_ctocpp.cc
         drag_data_ctocpp.cc
         drag_handler_cpptoc.cc
         end_tracing_callback_cpptoc.cc
         file_dialog_callback_ctocpp.cc
         focus_handler_cpptoc.cc
         frame_ctocpp.cc
         geolocation_callback_ctocpp.cc
         geolocation_handler_cpptoc.cc
         get_geolocation_callback_cpptoc.cc
         jsdialog_callback_ctocpp.cc
         jsdialog_handler_cpptoc.cc
         keyboard_handler_cpptoc.cc
         life_span_handler_cpptoc.cc
         list_value_ctocpp.cc
         load_handler_cpptoc.cc
         menu_model_ctocpp.cc
         post_data_ctocpp.cc
         post_data_element_ctocpp.cc
         print_dialog_callback_ctocpp.cc
         print_handler_cpptoc.cc
         print_job_callback_ctocpp.cc
         print_settings_ctocpp.cc
         process_message_ctocpp.cc
         quota_callback_ctocpp.cc
         read_handler_cpptoc.cc
         render_handler_cpptoc.cc
         render_process_handler_cpptoc.cc
         request_ctocpp.cc
         request_context_ctocpp.cc
         request_context_handler_cpptoc.cc
         request_handler_cpptoc.cc
         resource_bundle_handler_cpptoc.cc
         resource_handler_cpptoc.cc
         response_ctocpp.cc
         run_file_dialog_callback_cpptoc.cc
         scheme_handler_factory_cpptoc.cc
         scheme_registrar_ctocpp.cc
         stream_reader_ctocpp.cc
         stream_writer_ctocpp.cc
         string_visitor_cpptoc.cc
         task_cpptoc.cc
         task_runner_ctocpp.cc
         urlrequest_ctocpp.cc
         urlrequest_client_cpptoc.cc
         v8accessor_cpptoc.cc
         v8context_ctocpp.cc
         v8exception_ctocpp.cc
         v8handler_cpptoc.cc
         v8stack_frame_ctocpp.cc
         v8stack_trace_ctocpp.cc
         v8value_ctocpp.cc
         web_plugin_info_ctocpp.cc
         web_plugin_info_visitor_cpptoc.cc
         web_plugin_unstable_callback_cpptoc.cc
         write_handler_cpptoc.cc
         xml_reader_ctocpp.cc
         zip_reader_ctocpp.cc
       Lib:
         D:\Program Files (x86)\Microsoft Visual Studio 11.0\VC\bin\Lib.exe /OUT:"out\Release\lib\libcef_dll_wrapper.lib" /LIBPATH:"C:/Program Files (x86)/Windows Kits/8.0/Lib/win8/um/x86" /NOLOGO /MACHINE:X86 /ignore:4221 out\Release\obj\libcef_dll_wrapper\cef_atomicops_x86_gcc.obj
         out\Release\obj\libcef_dll_wrapper\cef_bind_helpers.obj
         out\Release\obj\libcef_dll_wrapper\cef_callback_helpers.obj
         out\Release\obj\libcef_dll_wrapper\cef_callback_internal.obj
         out\Release\obj\libcef_dll_wrapper\cef_lock.obj
         out\Release\obj\libcef_dll_wrapper\cef_lock_impl.obj
         out\Release\obj\libcef_dll_wrapper\cef_logging.obj
         out\Release\obj\libcef_dll_wrapper\cef_ref_counted.obj
         out\Release\obj\libcef_dll_wrapper\cef_string16.obj
         out\Release\obj\libcef_dll_wrapper\cef_thread_checker_impl.obj
         out\Release\obj\libcef_dll_wrapper\cef_thread_collision_warner.obj
         out\Release\obj\libcef_dll_wrapper\cef_weak_ptr.obj
         out\Release\obj\libcef_dll_wrapper\transfer_util.obj
         out\Release\obj\libcef_dll_wrapper\cef_byte_read_handler.obj
         out\Release\obj\libcef_dll_wrapper\cef_closure_task.obj
         out\Release\obj\libcef_dll_wrapper\cef_message_router.obj
         out\Release\obj\libcef_dll_wrapper\cef_stream_resource_handler.obj
         out\Release\obj\libcef_dll_wrapper\cef_xml_object.obj
         out\Release\obj\libcef_dll_wrapper\cef_zip_archive.obj
         out\Release\obj\libcef_dll_wrapper\libcef_dll_wrapper.obj
         out\Release\obj\libcef_dll_wrapper\libcef_dll_wrapper2.obj
         out\Release\obj\libcef_dll_wrapper\allow_certificate_error_callback_ctocpp.obj
         out\Release\obj\libcef_dll_wrapper\app_cpptoc.obj
         out\Release\obj\libcef_dll_wrapper\auth_callback_ctocpp.obj
         out\Release\obj\libcef_dll_wrapper\before_download_callback_ctocpp.obj
         out\Release\obj\libcef_dll_wrapper\binary_value_ctocpp.obj
         out\Release\obj\libcef_dll_wrapper\browser_ctocpp.obj
         out\Release\obj\libcef_dll_wrapper\browser_host_ctocpp.obj
         out\Release\obj\libcef_dll_wrapper\browser_process_handler_cpptoc.obj
         out\Release\obj\libcef_dll_wrapper\callback_ctocpp.obj
         out\Release\obj\libcef_dll_wrapper\client_cpptoc.obj
         out\Release\obj\libcef_dll_wrapper\command_line_ctocpp.obj
         out\Release\obj\libcef_dll_wrapper\completion_callback_cpptoc.obj
         out\Release\obj\libcef_dll_wrapper\context_menu_handler_cpptoc.obj
         out\Release\obj\libcef_dll_wrapper\context_menu_params_ctocpp.obj
         out\Release\obj\libcef_dll_wrapper\cookie_manager_ctocpp.obj
         out\Release\obj\libcef_dll_wrapper\cookie_visitor_cpptoc.obj
         out\Release\obj\libcef_dll_wrapper\domdocument_ctocpp.obj
         out\Release\obj\libcef_dll_wrapper\domnode_ctocpp.obj
         out\Release\obj\libcef_dll_wrapper\domvisitor_cpptoc.obj
         out\Release\obj\libcef_dll_wrapper\dialog_handler_cpptoc.obj
         out\Release\obj\libcef_dll_wrapper\dictionary_value_ctocpp.obj
         out\Release\obj\libcef_dll_wrapper\display_handler_cpptoc.obj
         out\Release\obj\libcef_dll_wrapper\download_handler_cpptoc.obj
         out\Release\obj\libcef_dll_wrapper\download_item_ctocpp.obj
         out\Release\obj\libcef_dll_wrapper\download_item_callback_ctocpp.obj
         out\Release\obj\libcef_dll_wrapper\drag_data_ctocpp.obj
         out\Release\obj\libcef_dll_wrapper\drag_handler_cpptoc.obj
         out\Release\obj\libcef_dll_wrapper\end_tracing_callback_cpptoc.obj
         out\Release\obj\libcef_dll_wrapper\file_dialog_callback_ctocpp.obj
         out\Release\obj\libcef_dll_wrapper\focus_handler_cpptoc.obj
         out\Release\obj\libcef_dll_wrapper\frame_ctocpp.obj
         out\Release\obj\libcef_dll_wrapper\geolocation_callback_ctocpp.obj
         out\Release\obj\libcef_dll_wrapper\geolocation_handler_cpptoc.obj
         out\Release\obj\libcef_dll_wrapper\get_geolocation_callback_cpptoc.obj
         out\Release\obj\libcef_dll_wrapper\jsdialog_callback_ctocpp.obj
         out\Release\obj\libcef_dll_wrapper\jsdialog_handler_cpptoc.obj
         out\Release\obj\libcef_dll_wrapper\keyboard_handler_cpptoc.obj
         out\Release\obj\libcef_dll_wrapper\life_span_handler_cpptoc.obj
         out\Release\obj\libcef_dll_wrapper\list_value_ctocpp.obj
         out\Release\obj\libcef_dll_wrapper\load_handler_cpptoc.obj
         out\Release\obj\libcef_dll_wrapper\menu_model_ctocpp.obj
         out\Release\obj\libcef_dll_wrapper\post_data_ctocpp.obj
         out\Release\obj\libcef_dll_wrapper\post_data_element_ctocpp.obj
         out\Release\obj\libcef_dll_wrapper\print_dialog_callback_ctocpp.obj
         out\Release\obj\libcef_dll_wrapper\print_handler_cpptoc.obj
         out\Release\obj\libcef_dll_wrapper\print_job_callback_ctocpp.obj
         out\Release\obj\libcef_dll_wrapper\print_settings_ctocpp.obj
         out\Release\obj\libcef_dll_wrapper\process_message_ctocpp.obj
         out\Release\obj\libcef_dll_wrapper\quota_callback_ctocpp.obj
         out\Release\obj\libcef_dll_wrapper\read_handler_cpptoc.obj
         out\Release\obj\libcef_dll_wrapper\render_handler_cpptoc.obj
         out\Release\obj\libcef_dll_wrapper\render_process_handler_cpptoc.obj
         out\Release\obj\libcef_dll_wrapper\request_ctocpp.obj
         out\Release\obj\libcef_dll_wrapper\request_context_ctocpp.obj
         out\Release\obj\libcef_dll_wrapper\request_context_handler_cpptoc.obj
         out\Release\obj\libcef_dll_wrapper\request_handler_cpptoc.obj
         out\Release\obj\libcef_dll_wrapper\resource_bundle_handler_cpptoc.obj
         out\Release\obj\libcef_dll_wrapper\resource_handler_cpptoc.obj
         out\Release\obj\libcef_dll_wrapper\response_ctocpp.obj
         out\Release\obj\libcef_dll_wrapper\run_file_dialog_callback_cpptoc.obj
         out\Release\obj\libcef_dll_wrapper\scheme_handler_factory_cpptoc.obj
         out\Release\obj\libcef_dll_wrapper\scheme_registrar_ctocpp.obj
         out\Release\obj\libcef_dll_wrapper\stream_reader_ctocpp.obj
         out\Release\obj\libcef_dll_wrapper\stream_writer_ctocpp.obj
         out\Release\obj\libcef_dll_wrapper\string_visitor_cpptoc.obj
         out\Release\obj\libcef_dll_wrapper\task_cpptoc.obj
         out\Release\obj\libcef_dll_wrapper\task_runner_ctocpp.obj
         out\Release\obj\libcef_dll_wrapper\urlrequest_ctocpp.obj
         out\Release\obj\libcef_dll_wrapper\urlrequest_client_cpptoc.obj
         out\Release\obj\libcef_dll_wrapper\v8accessor_cpptoc.obj
         out\Release\obj\libcef_dll_wrapper\v8context_ctocpp.obj
         out\Release\obj\libcef_dll_wrapper\v8exception_ctocpp.obj
         out\Release\obj\libcef_dll_wrapper\v8handler_cpptoc.obj
         out\Release\obj\libcef_dll_wrapper\v8stack_frame_ctocpp.obj
         out\Release\obj\libcef_dll_wrapper\v8stack_trace_ctocpp.obj
         out\Release\obj\libcef_dll_wrapper\v8value_ctocpp.obj
         out\Release\obj\libcef_dll_wrapper\web_plugin_info_ctocpp.obj
         out\Release\obj\libcef_dll_wrapper\web_plugin_info_visitor_cpptoc.obj
         out\Release\obj\libcef_dll_wrapper\web_plugin_unstable_callback_cpptoc.obj
         out\Release\obj\libcef_dll_wrapper\write_handler_cpptoc.obj
         out\Release\obj\libcef_dll_wrapper\xml_reader_ctocpp.obj
         out\Release\obj\libcef_dll_wrapper\zip_reader_ctocpp.obj
         libcef_dll_wrapper.vcxproj -> out\Release\lib\libcef_dll_wrapper.lib
     1>Done Building Project "D:\Profile\Downloads\brackets-shell-master\brackets-shell-master\downloads\cef_binary_3.2171.1902_windows32\cef_binary_3.2171.1902_windows32\libcef_dll_wrapper.vcxproj" (Build target(s)).

Build succeeded.

Time Elapsed 00:00:15.31
